speech/build/intermediates/manifest_merge_blame_file/debug/manifest-merger-blame-debug-report.txt
1<?xml version="1.0" encoding="utf-8"?>
2<manifest xmlns:android="http://schemas.android.com/apk/res/android"
3    package="com.haiprj.speech" >
4
5    <uses-sdk
6        android:minSdkVersion="23"
6-->speech\src\AndroidManifest.xml
7        android:targetSdkVersion="34" />
7-->speech\src\AndroidManifest.xml
8
9    <uses-permission android:name="android.permission.INTERNET" />
9-->speech\src\AndroidManifest.xml:4:5-67
9-->speech\src\AndroidManifest.xml:4:22-64
10    <uses-permission android:name="android.permission.RECORD_AUDIO" />
10-->speech\src\AndroidManifest.xml:5:5-71
10-->speech\src\AndroidManifest.xml:5:22-68
11    <!-- Android 11 queries declaration -->
12    <queries>
12-->speech\src\AndroidManifest.xml:12:5-17:15
13        <package android:name="com.google.android.googlequicksearchbox" />
13-->speech\src\AndroidManifest.xml:13:9-75
13-->speech\src\AndroidManifest.xml:13:18-72
14
15        <intent>
15-->speech\src\AndroidManifest.xml:14:9-16:18
16            <action android:name="android.intent.action.TTS_SERVICE" />
16-->speech\src\AndroidManifest.xml:15:13-72
16-->speech\src\AndroidManifest.xml:15:21-69
17        </intent>
18    </queries>
19
20    <application android:name="com.haiprj.speech.MyApplication" >
20-->speech\src\AndroidManifest.xml:7:5-10:19
20-->speech\src\AndroidManifest.xml:8:9-55
21    </application>
22
23</manifest>